<?xml version="1.0" encoding="UTF-8"?>
<!-- Generated by org.testng.reporters.JUnitReportReporter -->
<testsuite skipped="0" hostname="DESKTOP-OBATTFL" name="com.tristan.transcriptreviewsystem.repositories.AudioClipRepositoryTest" tests="4" failures="0" timestamp="05 Sep 2017 11:51:57 GMT" time="0.117" errors="0">
  <testcase name="testDelete" time="0.001" classname="com.tristan.transcriptreviewsystem.repositories.AudioClipRepositoryTest"/>
  <testcase name="testRead" time="0.000" classname="com.tristan.transcriptreviewsystem.repositories.AudioClipRepositoryTest"/>
  <testcase name="testCreate" time="0.008" classname="com.tristan.transcriptreviewsystem.repositories.AudioClipRepositoryTest"/>
  <testcase name="testUpdate" time="0.108" classname="com.tristan.transcriptreviewsystem.repositories.AudioClipRepositoryTest"/>
</testsuite> <!-- com.tristan.transcriptreviewsystem.repositories.AudioClipRepositoryTest -->
