<?xml version="1.0" encoding="UTF-8"?>
<testsuite name="TestSuite" time="0.268" tests="48" errors="0" skipped="0" failures="0">
  <properties>
    <property name="idea.version" value="2016.3.5"/>
    <property name="java.runtime.name" value="Java(TM) SE Runtime Environment"/>
    <property name="sun.boot.library.path" value="C:\Program Files\Java\jdk1.8.0_121\jre\bin"/>
    <property name="java.vm.version" value="25.121-b13"/>
    <property name="java.vm.vendor" value="Oracle Corporation"/>
    <property name="maven.multiModuleProjectDirectory" value="C:\Users\Tristan\IdeaProjects\TranscriptReviewSystem"/>
    <property name="java.vendor.url" value="http://java.oracle.com/"/>
    <property name="path.separator" value=";"/>
    <property name="guice.disable.misplaced.annotation.check" value="true"/>
    <property name="java.vm.name" value="Java HotSpot(TM) 64-Bit Server VM"/>
    <property name="file.encoding.pkg" value="sun.io"/>
    <property name="idea.launcher.port" value="7532"/>
    <property name="user.script" value=""/>
    <property name="user.country" value="ZA"/>
    <property name="sun.java.launcher" value="SUN_STANDARD"/>
    <property name="sun.os.patch.level" value=""/>
    <property name="java.vm.specification.name" value="Java Virtual Machine Specification"/>
    <property name="user.dir" value="C:\Users\Tristan\IdeaProjects\TranscriptReviewSystem"/>
    <property name="java.runtime.version" value="1.8.0_121-b13"/>
    <property name="java.awt.graphicsenv" value="sun.awt.Win32GraphicsEnvironment"/>
    <property name="java.endorsed.dirs" value="C:\Program Files\Java\jdk1.8.0_121\jre\lib\endorsed"/>
    <property name="os.arch" value="amd64"/>
    <property name="java.io.tmpdir" value="C:\Users\Tristan\AppData\Local\Temp\"/>
    <property name="line.separator" value="&#10;"/>
    <property name="java.vm.specification.vendor" value="Oracle Corporation"/>
    <property name="user.variant" value=""/>
    <property name="os.name" value="Windows 10"/>
    <property name="classworlds.conf" value="C:\Program Files (x86)\JetBrains\IntelliJ IDEA Community Edition 2016.3.5\plugins\maven\lib\maven3\bin\m2.conf"/>
    <property name="sun.jnu.encoding" value="Cp1252"/>
    <property name="java.library.path" value="C:\Program Files\Java\jdk1.8.0_121\bin;C:\WINDOWS\Sun\Java\bin;C:\WINDOWS\system32;C:\WINDOWS;C:\ProgramData\Oracle\Java\javapath;C:\WINDOWS\system32;C:\WINDOWS;C:\WINDOWS\System32\Wbem;C:\WINDOWS\System32\WindowsPowerShell\v1.0\;C:\Program Files (x86)\Microsoft SQL Server\100\Tools\Binn\;C:\Program Files\Microsoft SQL Server\100\Tools\Binn\;C:\Program Files\Microsoft SQL Server\100\DTS\Binn\;C:\Program Files\Git\cmd;C:\Users\Tristan\AppData\Local\Microsoft\WindowsApps;;."/>
    <property name="java.specification.name" value="Java Platform API Specification"/>
    <property name="java.class.version" value="52.0"/>
    <property name="sun.management.compiler" value="HotSpot 64-Bit Tiered Compilers"/>
    <property name="os.version" value="10.0"/>
    <property name="user.home" value="C:\Users\Tristan"/>
    <property name="user.timezone" value="Africa/Harare"/>
    <property name="java.awt.printerjob" value="sun.awt.windows.WPrinterJob"/>
    <property name="java.specification.version" value="1.8"/>
    <property name="idea.launcher.bin.path" value="C:\Program Files (x86)\JetBrains\IntelliJ IDEA Community Edition 2016.3.5\bin"/>
    <property name="file.encoding" value="UTF-8"/>
    <property name="user.name" value="Tristan"/>
    <property name="java.class.path" value="C:\Program Files (x86)\JetBrains\IntelliJ IDEA Community Edition 2016.3.5\plugins\maven\lib\maven3\boot\plexus-classworlds-2.5.2.jar;C:\Program Files (x86)\JetBrains\IntelliJ IDEA Community Edition 2016.3.5\lib\idea_rt.jar"/>
    <property name="java.vm.specification.version" value="1.8"/>
    <property name="sun.arch.data.model" value="64"/>
    <property name="java.home" value="C:\Program Files\Java\jdk1.8.0_121\jre"/>
    <property name="sun.java.command" value="com.intellij.rt.execution.application.AppMain org.codehaus.classworlds.Launcher -Didea.version=2016.3.5 clean install"/>
    <property name="java.specification.vendor" value="Oracle Corporation"/>
    <property name="user.language" value="en"/>
    <property name="awt.toolkit" value="sun.awt.windows.WToolkit"/>
    <property name="java.vm.info" value="mixed mode"/>
    <property name="java.version" value="1.8.0_121"/>
    <property name="java.ext.dirs" value="C:\Program Files\Java\jdk1.8.0_121\jre\lib\ext;C:\WINDOWS\Sun\Java\lib\ext"/>
    <property name="sun.boot.class.path" value="C:\Program Files\Java\jdk1.8.0_121\jre\lib\resources.jar;C:\Program Files\Java\jdk1.8.0_121\jre\lib\rt.jar;C:\Program Files\Java\jdk1.8.0_121\jre\lib\sunrsasign.jar;C:\Program Files\Java\jdk1.8.0_121\jre\lib\jsse.jar;C:\Program Files\Java\jdk1.8.0_121\jre\lib\jce.jar;C:\Program Files\Java\jdk1.8.0_121\jre\lib\charsets.jar;C:\Program Files\Java\jdk1.8.0_121\jre\lib\jfr.jar;C:\Program Files\Java\jdk1.8.0_121\jre\classes"/>
    <property name="java.vendor" value="Oracle Corporation"/>
    <property name="maven.home" value="C:\Program Files (x86)\JetBrains\IntelliJ IDEA Community Edition 2016.3.5\plugins\maven\lib\maven3"/>
    <property name="file.separator" value="\"/>
    <property name="java.vendor.url.bug" value="http://bugreport.sun.com/bugreport/"/>
    <property name="sun.cpu.endian" value="little"/>
    <property name="sun.io.unicode.encoding" value="UnicodeLittle"/>
    <property name="sun.desktop" value="windows"/>
    <property name="sun.cpu.isalist" value="amd64"/>
  </properties>
  <testcase name="testCreate" classname="com.tristan.transcriptreviewsystem.repositories.AudioClipRepositoryTest" time="0.007"/>
  <testcase name="testDelete" classname="com.tristan.transcriptreviewsystem.repositories.AudioClipRepositoryTest" time="0"/>
  <testcase name="testRead" classname="com.tristan.transcriptreviewsystem.repositories.AudioClipRepositoryTest" time="0.001"/>
  <testcase name="testUpdate" classname="com.tristan.transcriptreviewsystem.repositories.AudioClipRepositoryTest" time="0.001"/>
  <testcase name="testApp on testApp(com.tristan.transcriptreviewsystem.AppTest)" classname="com.tristan.transcriptreviewsystem.AppTest" time="0.002"/>
  <testcase name="getAudioClip on getAudioClip(com.tristan.transcriptreviewsystem.factories.AudioClipFactoryTest)" classname="com.tristan.transcriptreviewsystem.factories.AudioClipFactoryTest" time="0.001"/>
  <testcase name="getManager on getManager(com.tristan.transcriptreviewsystem.factories.ManagerFactoryTest)" classname="com.tristan.transcriptreviewsystem.factories.ManagerFactoryTest" time="0.02"/>
  <testcase name="getMeeting on getMeeting(com.tristan.transcriptreviewsystem.factories.MeetingFactoryTest)" classname="com.tristan.transcriptreviewsystem.factories.MeetingFactoryTest" time="0.026"/>
  <testcase name="getParticipant on getParticipant(com.tristan.transcriptreviewsystem.factories.ParticipantFactoryTest)" classname="com.tristan.transcriptreviewsystem.factories.ParticipantFactoryTest" time="0.009"/>
  <testcase name="getReview on getReview(com.tristan.transcriptreviewsystem.factories.ReviewFactoryTest)" classname="com.tristan.transcriptreviewsystem.factories.ReviewFactoryTest" time="0.044"/>
  <testcase name="getReviewRecord on getReviewRecord(com.tristan.transcriptreviewsystem.factories.ReviewRecordFactoryTest)" classname="com.tristan.transcriptreviewsystem.factories.ReviewRecordFactoryTest" time="0.041"/>
  <testcase name="getTranscript on getTranscript(com.tristan.transcriptreviewsystem.factories.TranscriptFactoryTest)" classname="com.tristan.transcriptreviewsystem.factories.TranscriptFactoryTest" time="0.054"/>
  <testcase name="getUser on getUser(com.tristan.transcriptreviewsystem.factories.UserFactoryTest)" classname="com.tristan.transcriptreviewsystem.factories.UserFactoryTest" time="0.049"/>
  <testcase name="create on create(com.tristan.transcriptreviewsystem.repositories.ManagerRepositoryTest)" classname="com.tristan.transcriptreviewsystem.repositories.ManagerRepositoryTest" time="0"/>
  <testcase name="delete on delete(com.tristan.transcriptreviewsystem.repositories.ManagerRepositoryTest)" classname="com.tristan.transcriptreviewsystem.repositories.ManagerRepositoryTest" time="0"/>
  <testcase name="update on update(com.tristan.transcriptreviewsystem.repositories.ManagerRepositoryTest)" classname="com.tristan.transcriptreviewsystem.repositories.ManagerRepositoryTest" time="0"/>
  <testcase name="read on read(com.tristan.transcriptreviewsystem.repositories.ManagerRepositoryTest)" classname="com.tristan.transcriptreviewsystem.repositories.ManagerRepositoryTest" time="0"/>
  <testcase name="create on create(com.tristan.transcriptreviewsystem.repositories.MeetingRepositoryTest)" classname="com.tristan.transcriptreviewsystem.repositories.MeetingRepositoryTest" time="0"/>
  <testcase name="delete on delete(com.tristan.transcriptreviewsystem.repositories.MeetingRepositoryTest)" classname="com.tristan.transcriptreviewsystem.repositories.MeetingRepositoryTest" time="0.001"/>
  <testcase name="update on update(com.tristan.transcriptreviewsystem.repositories.MeetingRepositoryTest)" classname="com.tristan.transcriptreviewsystem.repositories.MeetingRepositoryTest" time="0"/>
  <testcase name="read on read(com.tristan.transcriptreviewsystem.repositories.MeetingRepositoryTest)" classname="com.tristan.transcriptreviewsystem.repositories.MeetingRepositoryTest" time="0.001"/>
  <testcase name="create on create(com.tristan.transcriptreviewsystem.repositories.ParticipantRepositoryTest)" classname="com.tristan.transcriptreviewsystem.repositories.ParticipantRepositoryTest" time="0"/>
  <testcase name="delete on delete(com.tristan.transcriptreviewsystem.repositories.ParticipantRepositoryTest)" classname="com.tristan.transcriptreviewsystem.repositories.ParticipantRepositoryTest" time="0.001"/>
  <testcase name="update on update(com.tristan.transcriptreviewsystem.repositories.ParticipantRepositoryTest)" classname="com.tristan.transcriptreviewsystem.repositories.ParticipantRepositoryTest" time="0"/>
  <testcase name="read on read(com.tristan.transcriptreviewsystem.repositories.ParticipantRepositoryTest)" classname="com.tristan.transcriptreviewsystem.repositories.ParticipantRepositoryTest" time="0"/>
  <testcase name="create on create(com.tristan.transcriptreviewsystem.repositories.ReviewRepositoryTest)" classname="com.tristan.transcriptreviewsystem.repositories.ReviewRepositoryTest" time="0"/>
  <testcase name="delete on delete(com.tristan.transcriptreviewsystem.repositories.ReviewRepositoryTest)" classname="com.tristan.transcriptreviewsystem.repositories.ReviewRepositoryTest" time="0.001"/>
  <testcase name="update on update(com.tristan.transcriptreviewsystem.repositories.ReviewRepositoryTest)" classname="com.tristan.transcriptreviewsystem.repositories.ReviewRepositoryTest" time="0"/>
  <testcase name="read on read(com.tristan.transcriptreviewsystem.repositories.ReviewRepositoryTest)" classname="com.tristan.transcriptreviewsystem.repositories.ReviewRepositoryTest" time="0.001"/>
  <testcase name="create on create(com.tristan.transcriptreviewsystem.repositories.TranscriptRepositoryTest)" classname="com.tristan.transcriptreviewsystem.repositories.TranscriptRepositoryTest" time="0"/>
  <testcase name="delete on delete(com.tristan.transcriptreviewsystem.repositories.TranscriptRepositoryTest)" classname="com.tristan.transcriptreviewsystem.repositories.TranscriptRepositoryTest" time="0.001"/>
  <testcase name="update on update(com.tristan.transcriptreviewsystem.repositories.TranscriptRepositoryTest)" classname="com.tristan.transcriptreviewsystem.repositories.TranscriptRepositoryTest" time="0"/>
  <testcase name="read on read(com.tristan.transcriptreviewsystem.repositories.TranscriptRepositoryTest)" classname="com.tristan.transcriptreviewsystem.repositories.TranscriptRepositoryTest" time="0.001"/>
  <testcase name="create on create(com.tristan.transcriptreviewsystem.repositories.UserRepositoryTest)" classname="com.tristan.transcriptreviewsystem.repositories.UserRepositoryTest" time="0"/>
  <testcase name="delete on delete(com.tristan.transcriptreviewsystem.repositories.UserRepositoryTest)" classname="com.tristan.transcriptreviewsystem.repositories.UserRepositoryTest" time="0"/>
  <testcase name="update on update(com.tristan.transcriptreviewsystem.repositories.UserRepositoryTest)" classname="com.tristan.transcriptreviewsystem.repositories.UserRepositoryTest" time="0"/>
  <testcase name="read on read(com.tristan.transcriptreviewsystem.repositories.UserRepositoryTest)" classname="com.tristan.transcriptreviewsystem.repositories.UserRepositoryTest" time="0"/>
  <testcase name="calculateTotal on calculateTotal(com.tristan.transcriptreviewsystem.services.NewReviewTest)" classname="com.tristan.transcriptreviewsystem.services.NewReviewTest" time="0.001"/>
  <testcase name="invertLoss_of_meaning on invertLoss_of_meaning(com.tristan.transcriptreviewsystem.services.NewReviewTest)" classname="com.tristan.transcriptreviewsystem.services.NewReviewTest" time="0"/>
  <testcase name="generateReview on generateReview(com.tristan.transcriptreviewsystem.services.NewReviewTest)" classname="com.tristan.transcriptreviewsystem.services.NewReviewTest" time="0.001"/>
  <testcase name="findStrongestUser on findStrongestUser(com.tristan.transcriptreviewsystem.services.SkillAssessorTest)" classname="com.tristan.transcriptreviewsystem.services.SkillAssessorTest" time="0.001"/>
  <testcase name="findWeakness on findWeakness(com.tristan.transcriptreviewsystem.services.SkillAssessorTest)" classname="com.tristan.transcriptreviewsystem.services.SkillAssessorTest" time="0.001"/>
  <testcase name="findWeakestUser on findWeakestUser(com.tristan.transcriptreviewsystem.services.SkillAssessorTest)" classname="com.tristan.transcriptreviewsystem.services.SkillAssessorTest" time="0"/>
  <testcase name="findStrength on findStrength(com.tristan.transcriptreviewsystem.services.SkillAssessorTest)" classname="com.tristan.transcriptreviewsystem.services.SkillAssessorTest" time="0"/>
  <testcase name="createUserMap on createUserMap(com.tristan.transcriptreviewsystem.services.SkillAssessorTest)" classname="com.tristan.transcriptreviewsystem.services.SkillAssessorTest" time="0"/>
  <testcase name="newReviewRecord on newReviewRecord(com.tristan.transcriptreviewsystem.services.UpdateReviewRecordTest)" classname="com.tristan.transcriptreviewsystem.services.UpdateReviewRecordTest" time="0.001"/>
  <testcase name="calculateNewScores on calculateNewScores(com.tristan.transcriptreviewsystem.services.UpdateReviewRecordTest)" classname="com.tristan.transcriptreviewsystem.services.UpdateReviewRecordTest" time="0"/>
  <testcase name="createValuesMap on createValuesMap(com.tristan.transcriptreviewsystem.services.UpdateReviewRecordTest)" classname="com.tristan.transcriptreviewsystem.services.UpdateReviewRecordTest" time="0.001"/>
</testsuite>