<?xml version="1.0" encoding="UTF-8"?>
<!-- Generated by org.testng.reporters.JUnitReportReporter -->
<testsuite skipped="0" hostname="DESKTOP-OBATTFL" name="com.tristan.transcriptreviewsystem.factories.AudioClipFactoryTest" tests="1" failures="0" timestamp="05 Sep 2017 11:51:59 GMT" time="0.010" errors="0">
  <testcase name="getAudioClip" time="0.010" classname="com.tristan.transcriptreviewsystem.factories.AudioClipFactoryTest"/>
</testsuite> <!-- com.tristan.transcriptreviewsystem.factories.AudioClipFactoryTest -->
