<?xml version="1.0" encoding="UTF-8"?>
<!-- Generated by org.testng.reporters.JUnitReportReporter -->
<testsuite skipped="0" hostname="DESKTOP-OBATTFL" name="com.tristan.transcriptreviewsystem.repositories.ManagerRepositoryTest" tests="4" failures="0" timestamp="05 Sep 2017 11:51:59 GMT" time="0.010" errors="0">
  <testcase name="update" time="0.002" classname="com.tristan.transcriptreviewsystem.repositories.ManagerRepositoryTest"/>
  <testcase name="create" time="0.002" classname="com.tristan.transcriptreviewsystem.repositories.ManagerRepositoryTest"/>
  <testcase name="read" time="0.003" classname="com.tristan.transcriptreviewsystem.repositories.ManagerRepositoryTest"/>
  <testcase name="delete" time="0.003" classname="com.tristan.transcriptreviewsystem.repositories.ManagerRepositoryTest"/>
</testsuite> <!-- com.tristan.transcriptreviewsystem.repositories.ManagerRepositoryTest -->
