<?xml version="1.0" encoding="UTF-8"?>
<!-- Generated by org.testng.reporters.JUnitReportReporter -->
<testsuite skipped="0" hostname="DESKTOP-OBATTFL" name="com.tristan.transcriptreviewsystem.factories.ReviewRecordFactoryTest" tests="1" failures="0" timestamp="05 Sep 2017 11:51:59 GMT" time="0.041" errors="0">
  <testcase name="getReviewRecord" time="0.041" classname="com.tristan.transcriptreviewsystem.factories.ReviewRecordFactoryTest"/>
</testsuite> <!-- com.tristan.transcriptreviewsystem.factories.ReviewRecordFactoryTest -->
