<?xml version="1.0" encoding="UTF-8"?>
<!-- Generated by org.testng.reporters.JUnitReportReporter -->
<testsuite skipped="0" hostname="DESKTOP-OBATTFL" name="com.tristan.transcriptreviewsystem.services.UpdateReviewRecordTest" tests="3" failures="0" timestamp="05 Sep 2017 11:51:59 GMT" time="0.005" errors="0">
  <testcase name="createValuesMap" time="0.002" classname="com.tristan.transcriptreviewsystem.services.UpdateReviewRecordTest"/>
  <testcase name="newReviewRecord" time="0.001" classname="com.tristan.transcriptreviewsystem.services.UpdateReviewRecordTest"/>
  <testcase name="calculateNewScores" time="0.002" classname="com.tristan.transcriptreviewsystem.services.UpdateReviewRecordTest"/>
</testsuite> <!-- com.tristan.transcriptreviewsystem.services.UpdateReviewRecordTest -->
