<?xml version="1.0" encoding="UTF-8"?>
<!-- Generated by org.testng.reporters.JUnitReportReporter -->
<testsuite skipped="0" hostname="DESKTOP-OBATTFL" name="com.tristan.transcriptreviewsystem.factories.ParticipantFactoryTest" tests="1" failures="0" timestamp="05 Sep 2017 11:51:59 GMT" time="0.009" errors="0">
  <testcase name="getParticipant" time="0.009" classname="com.tristan.transcriptreviewsystem.factories.ParticipantFactoryTest"/>
</testsuite> <!-- com.tristan.transcriptreviewsystem.factories.ParticipantFactoryTest -->
