<?xml version="1.0" encoding="UTF-8"?>
<!-- Generated by org.testng.reporters.JUnitReportReporter -->
<testsuite skipped="0" hostname="DESKTOP-OBATTFL" name="com.tristan.transcriptreviewsystem.repositories.TranscriptRepositoryTest" tests="4" failures="0" timestamp="05 Sep 2017 11:51:59 GMT" time="0.009" errors="0">
  <testcase name="read" time="0.002" classname="com.tristan.transcriptreviewsystem.repositories.TranscriptRepositoryTest"/>
  <testcase name="create" time="0.002" classname="com.tristan.transcriptreviewsystem.repositories.TranscriptRepositoryTest"/>
  <testcase name="delete" time="0.002" classname="com.tristan.transcriptreviewsystem.repositories.TranscriptRepositoryTest"/>
  <testcase name="update" time="0.003" classname="com.tristan.transcriptreviewsystem.repositories.TranscriptRepositoryTest"/>
</testsuite> <!-- com.tristan.transcriptreviewsystem.repositories.TranscriptRepositoryTest -->
