<?xml version="1.0" encoding="UTF-8"?>
<!-- Generated by org.testng.reporters.JUnitReportReporter -->
<testsuite skipped="0" hostname="DESKTOP-OBATTFL" name="com.tristan.transcriptreviewsystem.services.NewReviewTest" tests="3" failures="0" timestamp="05 Sep 2017 11:51:59 GMT" time="0.005" errors="0">
  <testcase name="generateReview" time="0.002" classname="com.tristan.transcriptreviewsystem.services.NewReviewTest"/>
  <testcase name="calculateTotal" time="0.001" classname="com.tristan.transcriptreviewsystem.services.NewReviewTest"/>
  <testcase name="invertLoss_of_meaning" time="0.002" classname="com.tristan.transcriptreviewsystem.services.NewReviewTest"/>
</testsuite> <!-- com.tristan.transcriptreviewsystem.services.NewReviewTest -->
