<?xml version="1.0" encoding="UTF-8"?>
<!-- Generated by org.testng.reporters.JUnitReportReporter -->
<testsuite skipped="0" hostname="DESKTOP-OBATTFL" name="com.tristan.transcriptreviewsystem.services.SkillAssessorTest" tests="5" failures="0" timestamp="05 Sep 2017 11:51:59 GMT" time="0.017" errors="0">
  <testcase name="findWeakness" time="0.003" classname="com.tristan.transcriptreviewsystem.services.SkillAssessorTest"/>
  <testcase name="findStrength" time="0.003" classname="com.tristan.transcriptreviewsystem.services.SkillAssessorTest"/>
  <testcase name="findWeakestUser" time="0.004" classname="com.tristan.transcriptreviewsystem.services.SkillAssessorTest"/>
  <testcase name="createUserMap" time="0.004" classname="com.tristan.transcriptreviewsystem.services.SkillAssessorTest"/>
  <testcase name="findStrongestUser" time="0.003" classname="com.tristan.transcriptreviewsystem.services.SkillAssessorTest"/>
</testsuite> <!-- com.tristan.transcriptreviewsystem.services.SkillAssessorTest -->
